<?xml version="1.0" encoding="UTF-8"?>
<!-- Generated by org.testng.reporters.JUnitReportReporter -->
<testsuite hostname="Harshs-MacBook-Pro.local" failures="0" tests="6" name="testSuite.getUserTest" time="5.042" errors="0" timestamp="21 Aug 2025 15:29:58 GMT">
  <testcase classname="testSuite.getUserTest" name="deleteBookUserData1" time="0.754"/>
  <testcase classname="testSuite.getUserTest" name="getUserData" time="1.175"/>
  <testcase classname="testSuite.getUserTest" name="getUserData2" time="0.589"/>
  <testcase classname="testSuite.getUserTest" name="deleteBookUserData1" time="0.733"/>
  <testcase classname="testSuite.getUserTest" name="postBookToUserData" time="1.208"/>
  <testcase classname="testSuite.getUserTest" name="getBookData" time="0.583"/>
</testsuite> <!-- testSuite.getUserTest -->
