<?xml version="1.0" encoding="UTF-8"?>
<!-- Generated by org.testng.reporters.JUnitReportReporter -->
<testsuite hostname="Harshs-MacBook-Pro.local" failures="0" tests="7" name="testSuite.getPow" time="0.042" errors="0" timestamp="6 Aug 2025 05:31:22 GMT">
  <testcase classname="testSuite.getPow" name="testMyPow" time="0.030"/>
  <testcase classname="testSuite.getPow" name="testMyPow" time="0.002"/>
  <testcase classname="testSuite.getPow" name="testMyPow" time="0.002"/>
  <testcase classname="testSuite.getPow" name="testMyPow" time="0.002"/>
  <testcase classname="testSuite.getPow" name="testMyPow" time="0.003"/>
  <testcase classname="testSuite.getPow" name="testMyPow" time="0.001"/>
  <testcase classname="testSuite.getPow" name="testMyPow" time="0.002"/>
</testsuite> <!-- testSuite.getPow -->
