<?xml version="1.0" encoding="UTF-8"?>
<!-- Generated by org.testng.reporters.JUnitReportReporter -->
<testsuite hostname="Harshs-MacBook-Pro.local" failures="0" tests="1" name="testSuite.getBooksTest" time="0.558" errors="0" timestamp="4 Aug 2025 07:30:07 GMT">
  <testcase classname="testSuite.getBooksTest" name="getBookData" time="0.558"/>
</testsuite> <!-- testSuite.getBooksTest -->
